<?xml version="1.0" encoding="UTF-8" ?>
<testsuites name="vitest tests" tests="2107" failures="18" errors="0" time="23.752550672">
    <testsuite name="src/3-domain/enums/AIEnums.test.ts" timestamp="2025-12-16T06:40:27.760Z" hostname="Omer-MacBook-Air.local" tests="10" failures="0" errors="0" skipped="0" time="0.00355775">
        <testcase classname="src/3-domain/enums/AIEnums.test.ts" name="AIEnums &gt; AIProvider &gt; should have all required provider types" time="0.000709417">
        </testcase>
        <testcase classname="src/3-domain/enums/AIEnums.test.ts" name="AIEnums &gt; AIProvider &gt; should have labels for all providers" time="0.000208667">
        </testcase>
        <testcase classname="src/3-domain/enums/AIEnums.test.ts" name="AIEnums &gt; AIUseCase &gt; should have all required use case types" time="0.000289292">
        </testcase>
        <testcase classname="src/3-domain/enums/AIEnums.test.ts" name="AIEnums &gt; AIUseCase &gt; should have labels for all use cases" time="0.000403333">
        </testcase>
        <testcase classname="src/3-domain/enums/AIEnums.test.ts" name="AIEnums &gt; AIModel &gt; should have all required model types" time="0.000154583">
        </testcase>
        <testcase classname="src/3-domain/enums/AIEnums.test.ts" name="AIEnums &gt; AIModel &gt; should have labels for all models" time="0.0001985">
        </testcase>
        <testcase classname="src/3-domain/enums/AIEnums.test.ts" name="AIEnums &gt; AIRequestStatus &gt; should have all required status types" time="0.000070458">
        </testcase>
        <testcase classname="src/3-domain/enums/AIEnums.test.ts" name="AIEnums &gt; AI_PROVIDER_MAP &gt; should have mapping for all use cases" time="0.000353292">
        </testcase>
        <testcase classname="src/3-domain/enums/AIEnums.test.ts" name="AIEnums &gt; AI_PROVIDER_MAP &gt; should map task_description to OpenAI GPT-4" time="0.000188667">
        </testcase>
        <testcase classname="src/3-domain/enums/AIEnums.test.ts" name="AIEnums &gt; AI_PROVIDER_MAP &gt; should map report_generation to Claude Opus" time="0.000065458">
        </testcase>
    </testsuite>
    <testsuite name="src/3-domain/enums/EcommerceEnums.test.ts" timestamp="2025-12-16T06:40:27.762Z" hostname="Omer-MacBook-Air.local" tests="6" failures="2" errors="0" skipped="0" time="0.006299958">
        <testcase classname="src/3-domain/enums/EcommerceEnums.test.ts" name="EcommerceEnums &gt; EcommercePlatformType &gt; should have all required platform types" time="0.003990041">
            <failure message="expected undefined to be &apos;hepsiburada&apos; // Object.is equality" type="AssertionError">
AssertionError: expected undefined to be &apos;hepsiburada&apos; // Object.is equality

- Expected: 
&quot;hepsiburada&quot;

+ Received: 
undefined

 ❯ src/3-domain/enums/EcommerceEnums.test.ts:16:49
            </failure>
            <failure message="expected undefined to be &apos;hepsiburada&apos; // Object.is equality" type="AssertionError">
AssertionError: expected undefined to be &apos;hepsiburada&apos; // Object.is equality

- Expected: 
&quot;hepsiburada&quot;

+ Received: 
undefined

 ❯ src/3-domain/enums/EcommerceEnums.test.ts:16:49
            </failure>
            <failure message="expected undefined to be &apos;hepsiburada&apos; // Object.is equality" type="AssertionError">
AssertionError: expected undefined to be &apos;hepsiburada&apos; // Object.is equality

- Expected: 
&quot;hepsiburada&quot;

+ Received: 
undefined

 ❯ src/3-domain/enums/EcommerceEnums.test.ts:16:49
            </failure>
        </testcase>
        <testcase classname="src/3-domain/enums/EcommerceEnums.test.ts" name="EcommerceEnums &gt; EcommercePlatformType &gt; should have correct labels for all platform types" time="0.000896375">
            <failure message="expected undefined to be &apos;Hepsiburada&apos; // Object.is equality" type="AssertionError">
AssertionError: expected undefined to be &apos;Hepsiburada&apos; // Object.is equality

- Expected: 
&quot;Hepsiburada&quot;

+ Received: 
undefined

 ❯ src/3-domain/enums/EcommerceEnums.test.ts:27:78
            </failure>
            <failure message="expected undefined to be &apos;Hepsiburada&apos; // Object.is equality" type="AssertionError">
AssertionError: expected undefined to be &apos;Hepsiburada&apos; // Object.is equality

- Expected: 
&quot;Hepsiburada&quot;

+ Received: 
undefined

 ❯ src/3-domain/enums/EcommerceEnums.test.ts:27:78
            </failure>
            <failure message="expected undefined to be &apos;Hepsiburada&apos; // Object.is equality" type="AssertionError">
AssertionError: expected undefined to be &apos;Hepsiburada&apos; // Object.is equality

- Expected: 
&quot;Hepsiburada&quot;

+ Received: 
undefined

 ❯ src/3-domain/enums/EcommerceEnums.test.ts:27:78
            </failure>
        </testcase>
        <testcase classname="src/3-domain/enums/EcommerceEnums.test.ts" name="EcommerceEnums &gt; EcommercePlatformType &gt; should have labels for all platform types" time="0.000413125">
        </testcase>
        <testcase classname="src/3-domain/enums/EcommerceEnums.test.ts" name="EcommerceEnums &gt; EcommercePlatformCategory &gt; should have B2B and B2C categories" time="0.000070209">
        </testcase>
        <testcase classname="src/3-domain/enums/EcommerceEnums.test.ts" name="EcommerceEnums &gt; getPlatformCategory &gt; should return B2B for Alibaba" time="0.000164875">
        </testcase>
        <testcase classname="src/3-domain/enums/EcommerceEnums.test.ts" name="EcommerceEnums &gt; getPlatformCategory &gt; should return B2C for all other platforms" time="0.000108458">
        </testcase>
    </testsuite>
    <testsuite name="src/3-domain/enums/EmailEnums.test.ts" timestamp="2025-12-16T06:40:27.763Z" hostname="Omer-MacBook-Air.local" tests="6" failures="0" errors="0" skipped="0" time="0.002518542">
        <testcase classname="src/3-domain/enums/EmailEnums.test.ts" name="EmailEnums &gt; EmailType &gt; should have all required email types" time="0.000720041">
        </testcase>
        <testcase classname="src/3-domain/enums/EmailEnums.test.ts" name="EmailEnums &gt; EmailType &gt; should have labels for all email types" time="0.000243041">
        </testcase>
        <testcase classname="src/3-domain/enums/EmailEnums.test.ts" name="EmailEnums &gt; EmailStatus &gt; should have all required status types" time="0.00025225">
        </testcase>
        <testcase classname="src/3-domain/enums/EmailEnums.test.ts" name="EmailEnums &gt; EmailStatus &gt; should have labels for all status types" time="0.00027375">
        </testcase>
        <testcase classname="src/3-domain/enums/EmailEnums.test.ts" name="EmailEnums &gt; EmailPriority &gt; should have all required priority types" time="0.000091458">
        </testcase>
        <testcase classname="src/3-domain/enums/EmailEnums.test.ts" name="EmailEnums &gt; EmailPriority &gt; should have labels for all priority types" time="0.000089833">
        </testcase>
    </testsuite>
    <testsuite name="src/3-domain/enums/LeaderboardEnums.test.ts" timestamp="2025-12-16T06:40:27.764Z" hostname="Omer-MacBook-Air.local" tests="5" failures="0" errors="0" skipped="0" time="0.00220975">
        <testcase classname="src/3-domain/enums/LeaderboardEnums.test.ts" name="LeaderboardEnums &gt; ActivityType &gt; should have all required activity types" time="0.000862041">
        </testcase>
        <testcase classname="src/3-domain/enums/LeaderboardEnums.test.ts" name="LeaderboardEnums &gt; BadgeCategory &gt; should have all required categories" time="0.000239792">
        </testcase>
        <testcase classname="src/3-domain/enums/LeaderboardEnums.test.ts" name="LeaderboardEnums &gt; BadgeCategory &gt; should have labels for all categories" time="0.00016025">
        </testcase>
        <testcase classname="src/3-domain/enums/LeaderboardEnums.test.ts" name="LeaderboardEnums &gt; RequirementType &gt; should have all required types" time="0.000079375">
        </testcase>
        <testcase classname="src/3-domain/enums/LeaderboardEnums.test.ts" name="LeaderboardEnums &gt; RequirementType &gt; should have labels for all requirement types" time="0.000083">
        </testcase>
    </testsuite>
    <testsuite name="src/3-domain/enums/NewsEnums.test.ts" timestamp="2025-12-16T06:40:27.764Z" hostname="Omer-MacBook-Air.local" tests="8" failures="0" errors="0" skipped="0" time="0.002587834">
        <testcase classname="src/3-domain/enums/NewsEnums.test.ts" name="NewsEnums &gt; NewsCategory &gt; should have all required category values" time="0.00079225">
        </testcase>
        <testcase classname="src/3-domain/enums/NewsEnums.test.ts" name="NewsEnums &gt; NewsCategory &gt; should have labels for all categories" time="0.000318125">
        </testcase>
        <testcase classname="src/3-domain/enums/NewsEnums.test.ts" name="NewsEnums &gt; NewsCategory &gt; should have all categories in labels mapping" time="0.000250458">
        </testcase>
        <testcase classname="src/3-domain/enums/NewsEnums.test.ts" name="NewsEnums &gt; NewsStatus &gt; should have all required status values" time="0.000072542">
        </testcase>
        <testcase classname="src/3-domain/enums/NewsEnums.test.ts" name="NewsEnums &gt; NewsStatus &gt; should have labels for all statuses" time="0.000073459">
        </testcase>
        <testcase classname="src/3-domain/enums/NewsEnums.test.ts" name="NewsEnums &gt; NewsStatus &gt; should have colors for all statuses" time="0.000074917">
        </testcase>
        <testcase classname="src/3-domain/enums/NewsEnums.test.ts" name="NewsEnums &gt; NewsStatus &gt; should have all statuses in labels mapping" time="0.000092042">
        </testcase>
        <testcase classname="src/3-domain/enums/NewsEnums.test.ts" name="NewsEnums &gt; NewsStatus &gt; should have all statuses in colors mapping" time="0.000130917">
        </testcase>
    </testsuite>
    <testsuite name="src/3-domain/enums/NotificationEnums.test.ts" timestamp="2025-12-16T06:40:27.764Z" hostname="Omer-MacBook-Air.local" tests="7" failures="0" errors="0" skipped="0" time="0.002403708">
        <testcase classname="src/3-domain/enums/NotificationEnums.test.ts" name="NotificationEnums &gt; NotificationPriority &gt; should have correct priority values" time="0.000715167">
        </testcase>
        <testcase classname="src/3-domain/enums/NotificationEnums.test.ts" name="NotificationEnums &gt; NotificationPriority &gt; getNotificationPriorityLabel should return correct labels" time="0.0002385">
        </testcase>
        <testcase classname="src/3-domain/enums/NotificationEnums.test.ts" name="NotificationEnums &gt; NotificationChannel &gt; should have correct channel values" time="0.000199792">
        </testcase>
        <testcase classname="src/3-domain/enums/NotificationEnums.test.ts" name="NotificationEnums &gt; NotificationChannel &gt; getNotificationChannelLabel should return correct labels" time="0.000087916">
        </testcase>
        <testcase classname="src/3-domain/enums/NotificationEnums.test.ts" name="NotificationEnums &gt; NotificationType &gt; should have correct type values" time="0.000126958">
        </testcase>
        <testcase classname="src/3-domain/enums/NotificationEnums.test.ts" name="NotificationEnums &gt; NotificationType &gt; getNotificationTypeLabel should return correct labels" time="0.000241708">
        </testcase>
        <testcase classname="src/3-domain/enums/NotificationEnums.test.ts" name="NotificationEnums &gt; NotificationType &gt; getNotificationTypeLabel should return type if label not found" time="0.000047209">
        </testcase>
    </testsuite>
    <testsuite name="src/3-domain/entities/Ecommerce.test.ts" timestamp="2025-12-16T06:40:27.765Z" hostname="Omer-MacBook-Air.local" tests="12" failures="0" errors="0" skipped="0" time="0.003770916">
        <testcase classname="src/3-domain/entities/Ecommerce.test.ts" name="EcommerceMetricsEntity &gt; isValidPeriod &gt; should return true for valid period" time="0.000732834">
        </testcase>
        <testcase classname="src/3-domain/entities/Ecommerce.test.ts" name="EcommerceMetricsEntity &gt; isValidPeriod &gt; should return false for invalid year" time="0.000228125">
        </testcase>
        <testcase classname="src/3-domain/entities/Ecommerce.test.ts" name="EcommerceMetricsEntity &gt; isValidPeriod &gt; should return false for invalid month" time="0.000151167">
        </testcase>
        <testcase classname="src/3-domain/entities/Ecommerce.test.ts" name="EcommerceMetricsEntity &gt; isValidMetrics &gt; should return true for valid metrics" time="0.000119084">
        </testcase>
        <testcase classname="src/3-domain/entities/Ecommerce.test.ts" name="EcommerceMetricsEntity &gt; isValidMetrics &gt; should return false for negative values" time="0.000063542">
        </testcase>
        <testcase classname="src/3-domain/entities/Ecommerce.test.ts" name="EcommerceMetricsEntity &gt; calculateTotals &gt; should calculate totals for Alibaba platform" time="0.000318584">
        </testcase>
        <testcase classname="src/3-domain/entities/Ecommerce.test.ts" name="EcommerceMetricsEntity &gt; calculateTotals &gt; should calculate totals for B2C platform" time="0.00016375">
        </testcase>
        <testcase classname="src/3-domain/entities/Ecommerce.test.ts" name="EcommerceMetricsEntity &gt; validate &gt; should return empty array for valid data" time="0.000449125">
        </testcase>
        <testcase classname="src/3-domain/entities/Ecommerce.test.ts" name="EcommerceMetricsEntity &gt; validate &gt; should return errors for missing required fields" time="0.000322459">
        </testcase>
        <testcase classname="src/3-domain/entities/Ecommerce.test.ts" name="EcommerceMetricsEntity &gt; validate &gt; should return errors for invalid year" time="0.000066375">
        </testcase>
        <testcase classname="src/3-domain/entities/Ecommerce.test.ts" name="EcommerceMetricsEntity &gt; validate &gt; should return errors for invalid month" time="0.000043542">
        </testcase>
        <testcase classname="src/3-domain/entities/Ecommerce.test.ts" name="EcommerceMetricsEntity &gt; validate &gt; should return errors for negative values" time="0.000055625">
        </testcase>
    </testsuite>
    <testsuite name="src/3-domain/entities/Forum.test.ts" timestamp="2025-12-16T06:40:27.765Z" hostname="Omer-MacBook-Air.local" tests="26" failures="0" errors="0" skipped="0" time="0.005020208">
        <testcase classname="src/3-domain/entities/Forum.test.ts" name="ForumTopicEntity &gt; Entity Creation &gt; should create entity with valid data" time="0.000878333">
        </testcase>
        <testcase classname="src/3-domain/entities/Forum.test.ts" name="ForumTopicEntity &gt; Status Methods &gt; isOpen() should return true for open topics" time="0.000349208">
        </testcase>
        <testcase classname="src/3-domain/entities/Forum.test.ts" name="ForumTopicEntity &gt; Status Methods &gt; isOpen() should return false for locked topics" time="0.000247792">
        </testcase>
        <testcase classname="src/3-domain/entities/Forum.test.ts" name="ForumTopicEntity &gt; Status Methods &gt; isOpen() should return false for closed topics" time="0.00006575">
        </testcase>
        <testcase classname="src/3-domain/entities/Forum.test.ts" name="ForumTopicEntity &gt; Status Methods &gt; isSolved() should return true for solved topics" time="0.000127834">
        </testcase>
        <testcase classname="src/3-domain/entities/Forum.test.ts" name="ForumTopicEntity &gt; Status Methods &gt; isSolved() should return false for unsolved topics" time="0.000116417">
        </testcase>
        <testcase classname="src/3-domain/entities/Forum.test.ts" name="ForumTopicEntity &gt; Topic Operations &gt; close() should set status to CLOSED" time="0.000115583">
        </testcase>
        <testcase classname="src/3-domain/entities/Forum.test.ts" name="ForumTopicEntity &gt; Topic Operations &gt; open() should set status to OPEN" time="0.000072833">
        </testcase>
        <testcase classname="src/3-domain/entities/Forum.test.ts" name="ForumTopicEntity &gt; Topic Operations &gt; lock() should set isLocked to true" time="0.000187458">
        </testcase>
        <testcase classname="src/3-domain/entities/Forum.test.ts" name="ForumTopicEntity &gt; Topic Operations &gt; unlock() should set isLocked to false" time="0.000082833">
        </testcase>
        <testcase classname="src/3-domain/entities/Forum.test.ts" name="ForumTopicEntity &gt; Topic Operations &gt; pin() should set isPinned to true" time="0.000058833">
        </testcase>
        <testcase classname="src/3-domain/entities/Forum.test.ts" name="ForumTopicEntity &gt; Topic Operations &gt; unpin() should set isPinned to false" time="0.00005325">
        </testcase>
        <testcase classname="src/3-domain/entities/Forum.test.ts" name="ForumTopicEntity &gt; Solution Methods &gt; markSolution() should set solution details" time="0.000123667">
        </testcase>
        <testcase classname="src/3-domain/entities/Forum.test.ts" name="ForumTopicEntity &gt; Solution Methods &gt; unmarkSolution() should clear solution details" time="0.000093958">
        </testcase>
        <testcase classname="src/3-domain/entities/Forum.test.ts" name="ForumTopicEntity &gt; canReply() Method &gt; should return true for open and approved topics" time="0.000042167">
        </testcase>
        <testcase classname="src/3-domain/entities/Forum.test.ts" name="ForumTopicEntity &gt; canReply() Method &gt; should return false for locked topics" time="0.00003725">
        </testcase>
        <testcase classname="src/3-domain/entities/Forum.test.ts" name="ForumTopicEntity &gt; canReply() Method &gt; should return false for unapproved topics" time="0.000036792">
        </testcase>
        <testcase classname="src/3-domain/entities/Forum.test.ts" name="ForumTopicEntity &gt; canReply() Method &gt; should return false for closed topics" time="0.000036917">
        </testcase>
        <testcase classname="src/3-domain/entities/Forum.test.ts" name="ForumTopicEntity &gt; Validation &gt; should validate topic with all required fields" time="0.000401791">
        </testcase>
        <testcase classname="src/3-domain/entities/Forum.test.ts" name="ForumTopicEntity &gt; Validation &gt; should return error for missing title" time="0.000179">
        </testcase>
        <testcase classname="src/3-domain/entities/Forum.test.ts" name="ForumTopicEntity &gt; Validation &gt; should return error for title exceeding 500 characters" time="0.000074792">
        </testcase>
        <testcase classname="src/3-domain/entities/Forum.test.ts" name="ForumTopicEntity &gt; Validation &gt; should return error for missing content" time="0.000058959">
        </testcase>
        <testcase classname="src/3-domain/entities/Forum.test.ts" name="ForumTopicEntity &gt; Validation &gt; should return error for missing categoryId" time="0.00012825">
        </testcase>
        <testcase classname="src/3-domain/entities/Forum.test.ts" name="ForumTopicEntity &gt; Validation &gt; should return error for missing programId" time="0.000055208">
        </testcase>
        <testcase classname="src/3-domain/entities/Forum.test.ts" name="ForumTopicEntity &gt; Validation &gt; should return error for missing authorId" time="0.000048">
        </testcase>
        <testcase classname="src/3-domain/entities/Forum.test.ts" name="ForumTopicEntity &gt; Validation &gt; should return multiple errors for multiple missing fields" time="0.000213042">
        </testcase>
    </testsuite>
    <testsuite name="src/3-domain/entities/News.test.ts" timestamp="2025-12-16T06:40:27.766Z" hostname="Omer-MacBook-Air.local" tests="28" failures="0" errors="0" skipped="0" time="0.005106916">
        <testcase classname="src/3-domain/entities/News.test.ts" name="NewsEntity &gt; Entity Creation &gt; should create entity with valid data" time="0.000816333">
        </testcase>
        <testcase classname="src/3-domain/entities/News.test.ts" name="NewsEntity &gt; Status Methods &gt; isPublished() should return true for published news" time="0.000225791">
        </testcase>
        <testcase classname="src/3-domain/entities/News.test.ts" name="NewsEntity &gt; Status Methods &gt; isPublished() should return false for draft news" time="0.000120708">
        </testcase>
        <testcase classname="src/3-domain/entities/News.test.ts" name="NewsEntity &gt; Status Methods &gt; isDraft() should return true for draft news" time="0.000058209">
        </testcase>
        <testcase classname="src/3-domain/entities/News.test.ts" name="NewsEntity &gt; Status Methods &gt; isDraft() should return false for published news" time="0.000124333">
        </testcase>
        <testcase classname="src/3-domain/entities/News.test.ts" name="NewsEntity &gt; Status Methods &gt; isArchived() should return true for archived news" time="0.000071417">
        </testcase>
        <testcase classname="src/3-domain/entities/News.test.ts" name="NewsEntity &gt; Status Methods &gt; isArchived() should return false for non-archived news" time="0.000094042">
        </testcase>
        <testcase classname="src/3-domain/entities/News.test.ts" name="NewsEntity &gt; Publish Methods &gt; publish() should set status to published and set publishedAt" time="0.000380416">
        </testcase>
        <testcase classname="src/3-domain/entities/News.test.ts" name="NewsEntity &gt; Publish Methods &gt; publish() should throw error if already published" time="0.000470708">
        </testcase>
        <testcase classname="src/3-domain/entities/News.test.ts" name="NewsEntity &gt; Publish Methods &gt; archive() should set status to archived and set archivedAt" time="0.000119792">
        </testcase>
        <testcase classname="src/3-domain/entities/News.test.ts" name="NewsEntity &gt; Publish Methods &gt; unpublish() should set status to draft and clear publishedAt" time="0.000062708">
        </testcase>
        <testcase classname="src/3-domain/entities/News.test.ts" name="NewsEntity &gt; Feature Methods &gt; feature() should set isFeatured to true" time="0.000050333">
        </testcase>
        <testcase classname="src/3-domain/entities/News.test.ts" name="NewsEntity &gt; Feature Methods &gt; unfeature() should set isFeatured to false" time="0.000040166">
        </testcase>
        <testcase classname="src/3-domain/entities/News.test.ts" name="NewsEntity &gt; Feature Methods &gt; pin() should set isPinned to true" time="0.000046917">
        </testcase>
        <testcase classname="src/3-domain/entities/News.test.ts" name="NewsEntity &gt; Feature Methods &gt; unpin() should set isPinned to false" time="0.000037958">
        </testcase>
        <testcase classname="src/3-domain/entities/News.test.ts" name="NewsEntity &gt; Reading Time Calculation &gt; calculateReadingTime() should calculate reading time correctly" time="0.00014425">
        </testcase>
        <testcase classname="src/3-domain/entities/News.test.ts" name="NewsEntity &gt; Reading Time Calculation &gt; calculateReadingTime() should handle HTML tags correctly" time="0.000076">
        </testcase>
        <testcase classname="src/3-domain/entities/News.test.ts" name="NewsEntity &gt; Reading Time Calculation &gt; calculateReadingTime() should handle empty content" time="0.000046875">
        </testcase>
        <testcase classname="src/3-domain/entities/News.test.ts" name="NewsEntity &gt; Validation &gt; validate() should return empty array for valid data" time="0.000302667">
        </testcase>
        <testcase classname="src/3-domain/entities/News.test.ts" name="NewsEntity &gt; Validation &gt; validate() should return error for empty title" time="0.000166">
        </testcase>
        <testcase classname="src/3-domain/entities/News.test.ts" name="NewsEntity &gt; Validation &gt; validate() should return error for title longer than 500 chars" time="0.000068833">
        </testcase>
        <testcase classname="src/3-domain/entities/News.test.ts" name="NewsEntity &gt; Validation &gt; validate() should return error for empty content" time="0.000054917">
        </testcase>
        <testcase classname="src/3-domain/entities/News.test.ts" name="NewsEntity &gt; Validation &gt; validate() should return error for missing programId" time="0.000116334">
        </testcase>
        <testcase classname="src/3-domain/entities/News.test.ts" name="NewsEntity &gt; Validation &gt; validate() should return error for missing authorId" time="0.000050458">
        </testcase>
        <testcase classname="src/3-domain/entities/News.test.ts" name="NewsEntity &gt; Validation &gt; validate() should return error for missing category" time="0.000046125">
        </testcase>
        <testcase classname="src/3-domain/entities/News.test.ts" name="NewsEntity &gt; Validation &gt; validate() should return error for summary longer than 500 chars" time="0.0000875">
        </testcase>
        <testcase classname="src/3-domain/entities/News.test.ts" name="NewsEntity &gt; Validation &gt; validate() should return error for metaDescription longer than 160 chars" time="0.000053167">
        </testcase>
        <testcase classname="src/3-domain/entities/News.test.ts" name="NewsEntity &gt; Validation &gt; validate() should return multiple errors for multiple invalid fields" time="0.000175458">
        </testcase>
    </testsuite>
    <testsuite name="src/3-domain/entities/Notification.test.ts" timestamp="2025-12-16T06:40:27.767Z" hostname="Omer-MacBook-Air.local" tests="10" failures="0" errors="0" skipped="0" time="0.003337375">
        <testcase classname="src/3-domain/entities/Notification.test.ts" name="Notification Entity &gt; createNotification &gt; should create a notification with default values" time="0.001317">
        </testcase>
        <testcase classname="src/3-domain/entities/Notification.test.ts" name="Notification Entity &gt; createNotification &gt; should create a notification with optional fields" time="0.000241041">
        </testcase>
        <testcase classname="src/3-domain/entities/Notification.test.ts" name="Notification Entity &gt; markNotificationAsRead &gt; should mark notification as read" time="0.000110292">
        </testcase>
        <testcase classname="src/3-domain/entities/Notification.test.ts" name="Notification Entity &gt; isNotificationExpired &gt; should return false if notification has no expiration" time="0.000063416">
        </testcase>
        <testcase classname="src/3-domain/entities/Notification.test.ts" name="Notification Entity &gt; isNotificationExpired &gt; should return false if notification is not expired" time="0.000123083">
        </testcase>
        <testcase classname="src/3-domain/entities/Notification.test.ts" name="Notification Entity &gt; isNotificationExpired &gt; should return true if notification is expired" time="0.000068291">
        </testcase>
        <testcase classname="src/3-domain/entities/Notification.test.ts" name="Notification Entity &gt; shouldSendEmail &gt; should return true if EMAIL channel is included" time="0.000059333">
        </testcase>
        <testcase classname="src/3-domain/entities/Notification.test.ts" name="Notification Entity &gt; shouldSendEmail &gt; should return false if EMAIL channel is not included" time="0.000089875">
        </testcase>
        <testcase classname="src/3-domain/entities/Notification.test.ts" name="Notification Entity &gt; shouldSendPush &gt; should return true if PUSH channel is included" time="0.000224541">
        </testcase>
        <testcase classname="src/3-domain/entities/Notification.test.ts" name="Notification Entity &gt; shouldSendPush &gt; should return false if PUSH channel is not included" time="0.000067167">
        </testcase>
    </testsuite>
    <testsuite name="src/3-domain/entities/NotificationPreferences.test.ts" timestamp="2025-12-16T06:40:27.768Z" hostname="Omer-MacBook-Air.local" tests="9" failures="0" errors="0" skipped="0" time="0.004065959">
        <testcase classname="src/3-domain/entities/NotificationPreferences.test.ts" name="NotificationPreferences Entity &gt; createDefaultNotificationPreferences &gt; should create default preferences with all channels enabled" time="0.001258208">
        </testcase>
        <testcase classname="src/3-domain/entities/NotificationPreferences.test.ts" name="NotificationPreferences Entity &gt; isNotificationEnabledForChannel &gt; should return true if channel is globally enabled" time="0.000280166">
        </testcase>
        <testcase classname="src/3-domain/entities/NotificationPreferences.test.ts" name="NotificationPreferences Entity &gt; isNotificationEnabledForChannel &gt; should return false if channel is globally disabled" time="0.000117708">
        </testcase>
        <testcase classname="src/3-domain/entities/NotificationPreferences.test.ts" name="NotificationPreferences Entity &gt; isNotificationEnabledForChannel &gt; should respect type-specific preferences" time="0.000085167">
        </testcase>
        <testcase classname="src/3-domain/entities/NotificationPreferences.test.ts" name="NotificationPreferences Entity &gt; isNotificationEnabledForChannel &gt; should respect global preference first, then type-specific" time="0.000134708">
        </testcase>
        <testcase classname="src/3-domain/entities/NotificationPreferences.test.ts" name="NotificationPreferences Entity &gt; isQuietHours &gt; should return false if quiet hours are disabled" time="0.000088375">
        </testcase>
        <testcase classname="src/3-domain/entities/NotificationPreferences.test.ts" name="NotificationPreferences Entity &gt; isQuietHours &gt; should return false if quiet hours are not set" time="0.000089041">
        </testcase>
        <testcase classname="src/3-domain/entities/NotificationPreferences.test.ts" name="NotificationPreferences Entity &gt; isQuietHours &gt; should return true if current time is within quiet hours" time="0.000742791">
        </testcase>
        <testcase classname="src/3-domain/entities/NotificationPreferences.test.ts" name="NotificationPreferences Entity &gt; isQuietHours &gt; should return false if current time is outside quiet hours" time="0.00044175">
        </testcase>
    </testsuite>
    <testsuite name="src/3-domain/entities/Project.test.ts" timestamp="2025-12-16T06:40:27.768Z" hostname="Omer-MacBook-Air.local" tests="6" failures="0" errors="0" skipped="0" time="0.002678541">
        <testcase classname="src/3-domain/entities/Project.test.ts" name="Project Entity &gt; Creation &gt; should create a valid project" time="0.000813417">
        </testcase>
        <testcase classname="src/3-domain/entities/Project.test.ts" name="Project Entity &gt; Creation &gt; should create a project template" time="0.000289334">
        </testcase>
        <testcase classname="src/3-domain/entities/Project.test.ts" name="Project Entity &gt; Creation &gt; should create a project from template" time="0.000093375">
        </testcase>
        <testcase classname="src/3-domain/entities/Project.test.ts" name="Project Entity &gt; Status &gt; should have valid status values" time="0.000181083">
        </testcase>
        <testcase classname="src/3-domain/entities/Project.test.ts" name="Project Entity &gt; Priority &gt; should have valid priority values" time="0.000241625">
        </testcase>
        <testcase classname="src/3-domain/entities/Project.test.ts" name="Project Entity &gt; Progress &gt; should have progress between 0 and 100" time="0.000144292">
        </testcase>
    </testsuite>
    <testsuite name="src/3-domain/entities/SubProject.test.ts" timestamp="2025-12-16T06:40:27.769Z" hostname="Omer-MacBook-Air.local" tests="5" failures="0" errors="0" skipped="0" time="0.002657334">
        <testcase classname="src/3-domain/entities/SubProject.test.ts" name="SubProject Entity &gt; Creation &gt; should create a valid sub-project" time="0.001017583">
        </testcase>
        <testcase classname="src/3-domain/entities/SubProject.test.ts" name="SubProject Entity &gt; Creation &gt; should create sub-project with null description" time="0.000250208">
        </testcase>
        <testcase classname="src/3-domain/entities/SubProject.test.ts" name="SubProject Entity &gt; Status &gt; should have valid status values" time="0.0002195">
        </testcase>
        <testcase classname="src/3-domain/entities/SubProject.test.ts" name="SubProject Entity &gt; Order &gt; should maintain order index" time="0.00009475">
        </testcase>
        <testcase classname="src/3-domain/entities/SubProject.test.ts" name="SubProject Entity &gt; Progress &gt; should track progress correctly" time="0.000170709">
        </testcase>
    </testsuite>
    <testsuite name="src/3-domain/entities/Task.test.ts" timestamp="2025-12-16T06:40:27.769Z" hostname="Omer-MacBook-Air.local" tests="9" failures="0" errors="0" skipped="0" time="0.002913208">
        <testcase classname="src/3-domain/entities/Task.test.ts" name="Task Entity &gt; Creation &gt; should create a valid task" time="0.000845583">
        </testcase>
        <testcase classname="src/3-domain/entities/Task.test.ts" name="Task Entity &gt; Creation &gt; should create unassigned task" time="0.000221">
        </testcase>
        <testcase classname="src/3-domain/entities/Task.test.ts" name="Task Entity &gt; Status Workflow &gt; should transition from todo to in_progress" time="0.000072916">
        </testcase>
        <testcase classname="src/3-domain/entities/Task.test.ts" name="Task Entity &gt; Status Workflow &gt; should mark task as completed" time="0.000124">
        </testcase>
        <testcase classname="src/3-domain/entities/Task.test.ts" name="Task Entity &gt; Status Workflow &gt; should approve completed task" time="0.000142917">
        </testcase>
        <testcase classname="src/3-domain/entities/Task.test.ts" name="Task Entity &gt; Status Workflow &gt; should reject completed task" time="0.000074375">
        </testcase>
        <testcase classname="src/3-domain/entities/Task.test.ts" name="Task Entity &gt; Priority &gt; should have valid priority values" time="0.000085958">
        </testcase>
        <testcase classname="src/3-domain/entities/Task.test.ts" name="Task Entity &gt; Due Date &gt; should track due date" time="0.000298834">
        </testcase>
        <testcase classname="src/3-domain/entities/Task.test.ts" name="Task Entity &gt; Due Date &gt; should identify overdue tasks" time="0.000175542">
        </testcase>
    </testsuite>
    <testsuite name="src/3-domain/entities/TaskComment.test.ts" timestamp="2025-12-16T06:40:27.769Z" hostname="Omer-MacBook-Air.local" tests="5" failures="0" errors="0" skipped="0" time="0.002555667">
        <testcase classname="src/3-domain/entities/TaskComment.test.ts" name="TaskComment Entity &gt; Creation &gt; should create a valid comment" time="0.000792625">
        </testcase>
        <testcase classname="src/3-domain/entities/TaskComment.test.ts" name="TaskComment Entity &gt; Creation &gt; should create a question comment" time="0.0002145">
        </testcase>
        <testcase classname="src/3-domain/entities/TaskComment.test.ts" name="TaskComment Entity &gt; Comment Type &gt; should differentiate between comments and questions" time="0.000130542">
        </testcase>
        <testcase classname="src/3-domain/entities/TaskComment.test.ts" name="TaskComment Entity &gt; Chronological Order &gt; should maintain chronological order by createdAt" time="0.000142875">
        </testcase>
        <testcase classname="src/3-domain/entities/TaskComment.test.ts" name="TaskComment Entity &gt; Task Association &gt; should group comments by task" time="0.000516042">
        </testcase>
    </testsuite>
    <testsuite name="src/5-shared/middleware/csrf.test.ts" timestamp="2025-12-16T06:40:27.770Z" hostname="Omer-MacBook-Air.local" tests="10" failures="0" errors="0" skipped="0" time="0.005950875">
        <testcase classname="src/5-shared/middleware/csrf.test.ts" name="CSRF Protection &gt; generateCsrfToken &gt; should generate a valid token" time="0.000791834">
        </testcase>
        <testcase classname="src/5-shared/middleware/csrf.test.ts" name="CSRF Protection &gt; generateCsrfToken &gt; should generate unique tokens" time="0.000445959">
        </testcase>
        <testcase classname="src/5-shared/middleware/csrf.test.ts" name="CSRF Protection &gt; verifyCsrfToken &gt; should allow safe methods without token" time="0.001257167">
        </testcase>
        <testcase classname="src/5-shared/middleware/csrf.test.ts" name="CSRF Protection &gt; verifyCsrfToken &gt; should reject POST without token" time="0.000304">
        </testcase>
        <testcase classname="src/5-shared/middleware/csrf.test.ts" name="CSRF Protection &gt; verifyCsrfToken &gt; should accept valid token" time="0.000458167">
        </testcase>
        <testcase classname="src/5-shared/middleware/csrf.test.ts" name="CSRF Protection &gt; verifyCsrfToken &gt; should reject mismatched token" time="0.000201291">
        </testcase>
        <testcase classname="src/5-shared/middleware/csrf.test.ts" name="CSRF Protection &gt; csrfProtection &gt; should allow safe methods" time="0.000277375">
        </testcase>
        <testcase classname="src/5-shared/middleware/csrf.test.ts" name="CSRF Protection &gt; csrfProtection &gt; should allow public endpoints" time="0.000112542">
        </testcase>
        <testcase classname="src/5-shared/middleware/csrf.test.ts" name="CSRF Protection &gt; csrfProtection &gt; should reject POST without token" time="0.001010958">
        </testcase>
        <testcase classname="src/5-shared/middleware/csrf.test.ts" name="CSRF Protection &gt; csrfProtection &gt; should accept valid token" time="0.000229333">
        </testcase>
    </testsuite>
    <testsuite name="src/5-shared/test/accessibility.test.ts" timestamp="2025-12-16T06:40:27.770Z" hostname="Omer-MacBook-Air.local" tests="1" failures="1" errors="0" skipped="0" time="0">
        <testcase classname="src/5-shared/test/accessibility.test.ts" name="src/5-shared/test/accessibility.test.ts" time="0">
            <system-out>
[dotenv@17.2.3] injecting env (0) from .env.local -- tip: ⚙️  suppress all logs with { quiet: true }

            </system-out>
            <failure message="Transform failed with 1 error:
/Users/omerunsal/Desktop/akademi-port/src/5-shared/test/accessibility.test.ts:21:21: ERROR: Expected &quot;)&quot; but found &quot;Title&quot;" type="Error">
Error: Transform failed with 1 error:
/Users/omerunsal/Desktop/akademi-port/src/5-shared/test/accessibility.test.ts:21:21: ERROR: Expected &quot;)&quot; but found &quot;Title&quot;
  Plugin: vite:esbuild
  File: /Users/omerunsal/Desktop/akademi-port/src/5-shared/test/accessibility.test.ts:21:21
  
  Expected &quot;)&quot; but found &quot;Title&quot;
  19 |          &lt;div&gt;
  20 |            &lt;header&gt;
  21 |              &lt;h1&gt;Page Title&lt;/h1&gt;
     |                       ^
  22 |              &lt;nav&gt;
  23 |                &lt;ul&gt;
  
 ❯ failureErrorWithLog node_modules/esbuild/lib/main.js:1467:15
 ❯ node_modules/esbuild/lib/main.js:736:50
 ❯ responseCallbacks.&lt;computed&gt; node_modules/esbuild/lib/main.js:603:9
 ❯ handleIncomingPacket node_modules/esbuild/lib/main.js:658:12
 ❯ Socket.readFromStdout node_modules/esbuild/lib/main.js:581:7
            </failure>
        </testcase>
    </testsuite>
    <testsuite name="src/5-shared/test/accessibility.test.tsx" timestamp="2025-12-16T06:40:27.771Z" hostname="Omer-MacBook-Air.local" tests="6" failures="0" errors="0" skipped="6" time="0">
        <testcase classname="src/5-shared/test/accessibility.test.tsx" name="Accessibility Tests &gt; WCAG 2.1 Level AA Compliance &gt; should have no accessibility violations for basic HTML structure" time="0">
            <skipped/>
        </testcase>
        <testcase classname="src/5-shared/test/accessibility.test.tsx" name="Accessibility Tests &gt; WCAG 2.1 Level AA Compliance &gt; should have proper form labels" time="0">
            <skipped/>
        </testcase>
        <testcase classname="src/5-shared/test/accessibility.test.tsx" name="Accessibility Tests &gt; WCAG 2.1 Level AA Compliance &gt; should have proper image alt text" time="0">
            <skipped/>
        </testcase>
        <testcase classname="src/5-shared/test/accessibility.test.tsx" name="Accessibility Tests &gt; WCAG 2.1 Level AA Compliance &gt; should have proper heading hierarchy" time="0">
            <skipped/>
        </testcase>
        <testcase classname="src/5-shared/test/accessibility.test.tsx" name="Accessibility Tests &gt; WCAG 2.1 Level AA Compliance &gt; should have proper ARIA attributes" time="0">
            <skipped/>
        </testcase>
        <testcase classname="src/5-shared/test/accessibility.test.tsx" name="Accessibility Tests &gt; WCAG 2.1 Level AA Compliance &gt; should have keyboard accessible interactive elements" time="0">
            <skipped/>
        </testcase>
    </testsuite>
    <testsuite name="src/5-shared/test/performance.test.ts" timestamp="2025-12-16T06:40:27.771Z" hostname="Omer-MacBook-Air.local" tests="5" failures="0" errors="0" skipped="0" time="1.208802375">
        <testcase classname="src/5-shared/test/performance.test.ts" name="Performance Tests &gt; API Response Time &gt; should measure API response time" time="0.101654125">
        </testcase>
        <testcase classname="src/5-shared/test/performance.test.ts" name="Performance Tests &gt; API Response Time &gt; should measure multiple API calls for p95 calculation" time="1.002317542">
        </testcase>
        <testcase classname="src/5-shared/test/performance.test.ts" name="Performance Tests &gt; Error Rate &gt; should maintain error rate below threshold" time="0.000591375">
        </testcase>
        <testcase classname="src/5-shared/test/performance.test.ts" name="Performance Tests &gt; Memory Usage &gt; should not leak memory" time="0.000525958">
        </testcase>
        <testcase classname="src/5-shared/test/performance.test.ts" name="Performance Tests &gt; Concurrent Requests &gt; should handle concurrent requests efficiently" time="0.101366042">
        </testcase>
    </testsuite>
    <testsuite name="src/1-presentation/components/shared/ErrorBoundary.test.tsx" timestamp="2025-12-16T06:40:27.772Z" hostname="Omer-MacBook-Air.local" tests="3" failures="0" errors="0" skipped="0" time="0.02713925">
        <testcase classname="src/1-presentation/components/shared/ErrorBoundary.test.tsx" name="ErrorBoundary &gt; renders children when there is no error" time="0.020334417">
        </testcase>
        <testcase classname="src/1-presentation/components/shared/ErrorBoundary.test.tsx" name="ErrorBoundary &gt; renders with custom fallback when provided" time="0.003549833">
        </testcase>
        <testcase classname="src/1-presentation/components/shared/ErrorBoundary.test.tsx" name="ErrorBoundary &gt; has correct component structure" time="0.002633708">
        </testcase>
    </testsuite>
    <testsuite name="src/2-application/use-cases/ai/AnalyzeCompanyRiskUseCase.test.ts" timestamp="2025-12-16T06:40:27.772Z" hostname="Omer-MacBook-Air.local" tests="2" failures="0" errors="0" skipped="0" time="0.002083167">
        <testcase classname="src/2-application/use-cases/ai/AnalyzeCompanyRiskUseCase.test.ts" name="AnalyzeCompanyRiskUseCase &gt; execute &gt; should analyze company risk successfully" time="0.001120042">
        </testcase>
        <testcase classname="src/2-application/use-cases/ai/AnalyzeCompanyRiskUseCase.test.ts" name="AnalyzeCompanyRiskUseCase &gt; execute &gt; should fail when company not found" time="0.00037225">
        </testcase>
    </testsuite>
    <testsuite name="src/2-application/use-cases/ai/AnalyzeTrendsUseCase.test.ts" timestamp="2025-12-16T06:40:27.772Z" hostname="Omer-MacBook-Air.local" tests="2" failures="0" errors="0" skipped="0" time="0.002741584">
        <testcase classname="src/2-application/use-cases/ai/AnalyzeTrendsUseCase.test.ts" name="AnalyzeTrendsUseCase &gt; execute &gt; should analyze trends successfully" time="0.00168675">
        </testcase>
        <testcase classname="src/2-application/use-cases/ai/AnalyzeTrendsUseCase.test.ts" name="AnalyzeTrendsUseCase &gt; execute &gt; should fail when company not found" time="0.000387125">
        </testcase>
    </testsuite>
    <testsuite name="src/2-application/use-cases/ai/DetectNewsSpamUseCase.test.ts" timestamp="2025-12-16T06:40:27.772Z" hostname="Omer-MacBook-Air.local" tests="4" failures="0" errors="0" skipped="0" time="0.002438125">
        <testcase classname="src/2-application/use-cases/ai/DetectNewsSpamUseCase.test.ts" name="DetectNewsSpamUseCase &gt; execute &gt; should detect spam for news content" time="0.001095333">
        </testcase>
        <testcase classname="src/2-application/use-cases/ai/DetectNewsSpamUseCase.test.ts" name="DetectNewsSpamUseCase &gt; execute &gt; should detect spam for direct content" time="0.000426584">
        </testcase>
        <testcase classname="src/2-application/use-cases/ai/DetectNewsSpamUseCase.test.ts" name="DetectNewsSpamUseCase &gt; execute &gt; should handle missing content" time="0.000166333">
        </testcase>
        <testcase classname="src/2-application/use-cases/ai/DetectNewsSpamUseCase.test.ts" name="DetectNewsSpamUseCase &gt; execute &gt; should handle missing news" time="0.000133916">
        </testcase>
    </testsuite>
    <testsuite name="src/2-application/use-cases/ai/DetectSpamUseCase.test.ts" timestamp="2025-12-16T06:40:27.772Z" hostname="Omer-MacBook-Air.local" tests="5" failures="0" errors="0" skipped="0" time="0.004592167">
        <testcase classname="src/2-application/use-cases/ai/DetectSpamUseCase.test.ts" name="DetectSpamUseCase &gt; execute &gt; should detect spam for topic content" time="0.001114334">
        </testcase>
        <testcase classname="src/2-application/use-cases/ai/DetectSpamUseCase.test.ts" name="DetectSpamUseCase &gt; execute &gt; should detect spam for reply content" time="0.000502625">
        </testcase>
        <testcase classname="src/2-application/use-cases/ai/DetectSpamUseCase.test.ts" name="DetectSpamUseCase &gt; execute &gt; should handle missing content" time="0.000170583">
        </testcase>
        <testcase classname="src/2-application/use-cases/ai/DetectSpamUseCase.test.ts" name="DetectSpamUseCase &gt; execute &gt; should handle missing prompt template" time="0.000229292">
        </testcase>
        <testcase classname="src/2-application/use-cases/ai/DetectSpamUseCase.test.ts" name="DetectSpamUseCase &gt; execute &gt; should handle AI router failure" time="0.001826541">
            <system-err>
AI spam detection failed: Error: AI router error
    at /Users/omerunsal/Desktop/akademi-port/src/2-application/use-cases/ai/DetectSpamUseCase.test.ts:250:70
    at file:///Users/omerunsal/Desktop/akademi-port/node_modules/@vitest/runner/dist/index.js:157:11
    at file:///Users/omerunsal/Desktop/akademi-port/node_modules/@vitest/runner/dist/index.js:753:26
    at file:///Users/omerunsal/Desktop/akademi-port/node_modules/@vitest/runner/dist/index.js:1636:20
    at new Promise (&lt;anonymous&gt;)
    at runWithTimeout (file:///Users/omerunsal/Desktop/akademi-port/node_modules/@vitest/runner/dist/index.js:1602:10)
    at runTest (file:///Users/omerunsal/Desktop/akademi-port/node_modules/@vitest/runner/dist/index.js:1309:12)
    at processTicksAndRejections (node:internal/process/task_queues:105:5)
    at runSuite (file:///Users/omerunsal/Desktop/akademi-port/node_modules/@vitest/runner/dist/index.js:1468:8)
    at runSuite (file:///Users/omerunsal/Desktop/akademi-port/node_modules/@vitest/runner/dist/index.js:1468:8)

            </system-err>
        </testcase>
    </testsuite>
    <testsuite name="src/2-application/use-cases/ai/GenerateTaskDescriptionUseCase.test.ts" timestamp="2025-12-16T06:40:27.773Z" hostname="Omer-MacBook-Air.local" tests="5" failures="0" errors="0" skipped="0" time="0.003498542">
        <testcase classname="src/2-application/use-cases/ai/GenerateTaskDescriptionUseCase.test.ts" name="GenerateTaskDescriptionUseCase &gt; execute &gt; should generate task description successfully" time="0.001413333">
        </testcase>
        <testcase classname="src/2-application/use-cases/ai/GenerateTaskDescriptionUseCase.test.ts" name="GenerateTaskDescriptionUseCase &gt; execute &gt; should fail when prompt template not found" time="0.000262458">
        </testcase>
        <testcase classname="src/2-application/use-cases/ai/GenerateTaskDescriptionUseCase.test.ts" name="GenerateTaskDescriptionUseCase &gt; execute &gt; should fail when AI service returns error" time="0.000262042">
        </testcase>
        <testcase classname="src/2-application/use-cases/ai/GenerateTaskDescriptionUseCase.test.ts" name="GenerateTaskDescriptionUseCase &gt; execute &gt; should handle invalid JSON response with fallback parser" time="0.000624792">
        </testcase>
        <testcase classname="src/2-application/use-cases/ai/GenerateTaskDescriptionUseCase.test.ts" name="GenerateTaskDescriptionUseCase &gt; execute &gt; should handle missing required fields in response" time="0.000213333">
        </testcase>
    </testsuite>
    <testsuite name="src/2-application/use-cases/ai/GenerateTrainingSummaryUseCase.test.ts" timestamp="2025-12-16T06:40:27.773Z" hostname="Omer-MacBook-Air.local" tests="4" failures="0" errors="0" skipped="0" time="0.002950792">
        <testcase classname="src/2-application/use-cases/ai/GenerateTrainingSummaryUseCase.test.ts" name="GenerateTrainingSummaryUseCase &gt; execute &gt; should generate training summary successfully" time="0.001598833">
        </testcase>
        <testcase classname="src/2-application/use-cases/ai/GenerateTrainingSummaryUseCase.test.ts" name="GenerateTrainingSummaryUseCase &gt; execute &gt; should fail when training not found" time="0.000279375">
        </testcase>
        <testcase classname="src/2-application/use-cases/ai/GenerateTrainingSummaryUseCase.test.ts" name="GenerateTrainingSummaryUseCase &gt; execute &gt; should fail when prompt template not found" time="0.000255584">
        </testcase>
        <testcase classname="src/2-application/use-cases/ai/GenerateTrainingSummaryUseCase.test.ts" name="GenerateTrainingSummaryUseCase &gt; execute &gt; should handle AI service error" time="0.000127917">
        </testcase>
    </testsuite>
    <testsuite name="src/2-application/use-cases/ai/PredictCompanySuccessUseCase.test.ts" timestamp="2025-12-16T06:40:27.773Z" hostname="Omer-MacBook-Air.local" tests="2" failures="0" errors="0" skipped="0" time="0.002742125">
        <testcase classname="src/2-application/use-cases/ai/PredictCompanySuccessUseCase.test.ts" name="PredictCompanySuccessUseCase &gt; execute &gt; should predict company success successfully" time="0.00143425">
        </testcase>
        <testcase classname="src/2-application/use-cases/ai/PredictCompanySuccessUseCase.test.ts" name="PredictCompanySuccessUseCase &gt; execute &gt; should fail when company not found" time="0.0004155">
        </testcase>
    </testsuite>
    <testsuite name="src/2-application/use-cases/ai/RewriteNewsWithAIUseCase.test.ts" timestamp="2025-12-16T06:40:27.774Z" hostname="Omer-MacBook-Air.local" tests="4" failures="0" errors="0" skipped="0" time="0.004458416">
        <testcase classname="src/2-application/use-cases/ai/RewriteNewsWithAIUseCase.test.ts" name="RewriteNewsWithAIUseCase &gt; execute &gt; should rewrite news successfully" time="0.001379917">
        </testcase>
        <testcase classname="src/2-application/use-cases/ai/RewriteNewsWithAIUseCase.test.ts" name="RewriteNewsWithAIUseCase &gt; execute &gt; should handle missing feed item" time="0.000402458">
        </testcase>
        <testcase classname="src/2-application/use-cases/ai/RewriteNewsWithAIUseCase.test.ts" name="RewriteNewsWithAIUseCase &gt; execute &gt; should handle missing prompt template" time="0.000127666">
        </testcase>
        <testcase classname="src/2-application/use-cases/ai/RewriteNewsWithAIUseCase.test.ts" name="RewriteNewsWithAIUseCase &gt; execute &gt; should handle AI router failure" time="0.001922666">
            <system-err>
AI rewrite failed: Error: AI router error
    at /Users/omerunsal/Desktop/akademi-port/src/2-application/use-cases/ai/RewriteNewsWithAIUseCase.test.ts:224:70
    at file:///Users/omerunsal/Desktop/akademi-port/node_modules/@vitest/runner/dist/index.js:157:11
    at file:///Users/omerunsal/Desktop/akademi-port/node_modules/@vitest/runner/dist/index.js:753:26
    at file:///Users/omerunsal/Desktop/akademi-port/node_modules/@vitest/runner/dist/index.js:1636:20
    at new Promise (&lt;anonymous&gt;)
    at runWithTimeout (file:///Users/omerunsal/Desktop/akademi-port/node_modules/@vitest/runner/dist/index.js:1602:10)
    at runTest (file:///Users/omerunsal/Desktop/akademi-port/node_modules/@vitest/runner/dist/index.js:1309:12)
    at processTicksAndRejections (node:internal/process/task_queues:105:5)
    at runSuite (file:///Users/omerunsal/Desktop/akademi-port/node_modules/@vitest/runner/dist/index.js:1468:8)
    at runSuite (file:///Users/omerunsal/Desktop/akademi-port/node_modules/@vitest/runner/dist/index.js:1468:8)

            </system-err>
        </testcase>
    </testsuite>
    <testsuite name="src/2-application/use-cases/analytics/GetAIInsightsUseCase.test.ts" timestamp="2025-12-16T06:40:27.774Z" hostname="Omer-MacBook-Air.local" tests="7" failures="0" errors="0" skipped="0" time="0.005652416">
        <testcase classname="src/2-application/use-cases/analytics/GetAIInsightsUseCase.test.ts" name="GetAIInsightsUseCase &gt; execute &gt; should get AI insights successfully for master dashboard" time="0.001551458">
        </testcase>
        <testcase classname="src/2-application/use-cases/analytics/GetAIInsightsUseCase.test.ts" name="GetAIInsightsUseCase &gt; execute &gt; should get AI insights successfully for consultant dashboard" time="0.0005245">
        </testcase>
        <testcase classname="src/2-application/use-cases/analytics/GetAIInsightsUseCase.test.ts" name="GetAIInsightsUseCase &gt; execute &gt; should get AI insights successfully for company dashboard" time="0.0001595">
        </testcase>
        <testcase classname="src/2-application/use-cases/analytics/GetAIInsightsUseCase.test.ts" name="GetAIInsightsUseCase &gt; execute &gt; should fail when prompt not found" time="0.000163167">
        </testcase>
        <testcase classname="src/2-application/use-cases/analytics/GetAIInsightsUseCase.test.ts" name="GetAIInsightsUseCase &gt; execute &gt; should fail when prompt manager fails" time="0.0001365">
        </testcase>
        <testcase classname="src/2-application/use-cases/analytics/GetAIInsightsUseCase.test.ts" name="GetAIInsightsUseCase &gt; execute &gt; should fail when AI router fails" time="0.002094542">
            <system-err>
AI insights generation failed: Error: AI service error
    at Function.fail (/Users/omerunsal/Desktop/akademi-port/src/6-core/result/Result.ts:71:50)
    at /Users/omerunsal/Desktop/akademi-port/src/2-application/use-cases/analytics/GetAIInsightsUseCase.test.ts:236:65
    at file:///Users/omerunsal/Desktop/akademi-port/node_modules/@vitest/runner/dist/index.js:157:11
    at file:///Users/omerunsal/Desktop/akademi-port/node_modules/@vitest/runner/dist/index.js:753:26
    at file:///Users/omerunsal/Desktop/akademi-port/node_modules/@vitest/runner/dist/index.js:1636:20
    at new Promise (&lt;anonymous&gt;)
    at runWithTimeout (file:///Users/omerunsal/Desktop/akademi-port/node_modules/@vitest/runner/dist/index.js:1602:10)
    at runTest (file:///Users/omerunsal/Desktop/akademi-port/node_modules/@vitest/runner/dist/index.js:1309:12)
    at processTicksAndRejections (node:internal/process/task_queues:105:5)
    at runSuite (file:///Users/omerunsal/Desktop/akademi-port/node_modules/@vitest/runner/dist/index.js:1468:8)

            </system-err>
        </testcase>
        <testcase classname="src/2-application/use-cases/analytics/GetAIInsightsUseCase.test.ts" name="GetAIInsightsUseCase &gt; execute &gt; should parse fallback response when JSON parsing fails" time="0.000288167">
        </testcase>
    </testsuite>
    <testsuite name="src/2-application/use-cases/analytics/GetCompanyDashboardStatsUseCase.test.ts" timestamp="2025-12-16T06:40:27.774Z" hostname="Omer-MacBook-Air.local" tests="5" failures="0" errors="0" skipped="0" time="0.003315667">
        <testcase classname="src/2-application/use-cases/analytics/GetCompanyDashboardStatsUseCase.test.ts" name="GetCompanyDashboardStatsUseCase &gt; execute &gt; should return company dashboard stats successfully" time="0.00161325">
        </testcase>
        <testcase classname="src/2-application/use-cases/analytics/GetCompanyDashboardStatsUseCase.test.ts" name="GetCompanyDashboardStatsUseCase &gt; execute &gt; should handle empty data gracefully" time="0.000345584">
        </testcase>
        <testcase classname="src/2-application/use-cases/analytics/GetCompanyDashboardStatsUseCase.test.ts" name="GetCompanyDashboardStatsUseCase &gt; execute &gt; should handle ecommerce repository failure gracefully" time="0.000149042">
        </testcase>
        <testcase classname="src/2-application/use-cases/analytics/GetCompanyDashboardStatsUseCase.test.ts" name="GetCompanyDashboardStatsUseCase &gt; execute &gt; should calculate project progress correctly" time="0.000253542">
        </testcase>
        <testcase classname="src/2-application/use-cases/analytics/GetCompanyDashboardStatsUseCase.test.ts" name="GetCompanyDashboardStatsUseCase &gt; execute &gt; should handle errors and return failure result" time="0.000225083">
        </testcase>
    </testsuite>
    <testsuite name="src/2-application/use-cases/analytics/GetConsultantDashboardStatsUseCase.test.ts" timestamp="2025-12-16T06:40:27.775Z" hostname="Omer-MacBook-Air.local" tests="6" failures="0" errors="0" skipped="0" time="0.003512667">
        <testcase classname="src/2-application/use-cases/analytics/GetConsultantDashboardStatsUseCase.test.ts" name="GetConsultantDashboardStatsUseCase &gt; execute &gt; should return consultant dashboard stats successfully" time="0.001757583">
        </testcase>
        <testcase classname="src/2-application/use-cases/analytics/GetConsultantDashboardStatsUseCase.test.ts" name="GetConsultantDashboardStatsUseCase &gt; execute &gt; should filter companies by consultant projects" time="0.000334416">
        </testcase>
        <testcase classname="src/2-application/use-cases/analytics/GetConsultantDashboardStatsUseCase.test.ts" name="GetConsultantDashboardStatsUseCase &gt; execute &gt; should handle company repository failure" time="0.000133083">
        </testcase>
        <testcase classname="src/2-application/use-cases/analytics/GetConsultantDashboardStatsUseCase.test.ts" name="GetConsultantDashboardStatsUseCase &gt; execute &gt; should calculate company performance correctly" time="0.000215875">
        </testcase>
        <testcase classname="src/2-application/use-cases/analytics/GetConsultantDashboardStatsUseCase.test.ts" name="GetConsultantDashboardStatsUseCase &gt; execute &gt; should handle empty data gracefully" time="0.000222875">
        </testcase>
        <testcase classname="src/2-application/use-cases/analytics/GetConsultantDashboardStatsUseCase.test.ts" name="GetConsultantDashboardStatsUseCase &gt; execute &gt; should handle errors and return failure result" time="0.000117292">
        </testcase>
    </testsuite>
    <testsuite name="src/2-application/use-cases/analytics/GetDashboardStatsUseCase.test.ts" timestamp="2025-12-16T06:40:27.775Z" hostname="Omer-MacBook-Air.local" tests="5" failures="0" errors="0" skipped="0" time="0.003652">
        <testcase classname="src/2-application/use-cases/analytics/GetDashboardStatsUseCase.test.ts" name="GetDashboardStatsUseCase &gt; execute &gt; should return dashboard stats successfully" time="0.001872833">
        </testcase>
        <testcase classname="src/2-application/use-cases/analytics/GetDashboardStatsUseCase.test.ts" name="GetDashboardStatsUseCase &gt; execute &gt; should handle repository failures gracefully" time="0.00045075">
        </testcase>
        <testcase classname="src/2-application/use-cases/analytics/GetDashboardStatsUseCase.test.ts" name="GetDashboardStatsUseCase &gt; execute &gt; should calculate monthly growth correctly" time="0.000194333">
        </testcase>
        <testcase classname="src/2-application/use-cases/analytics/GetDashboardStatsUseCase.test.ts" name="GetDashboardStatsUseCase &gt; execute &gt; should return task completion data" time="0.000255875">
        </testcase>
        <testcase classname="src/2-application/use-cases/analytics/GetDashboardStatsUseCase.test.ts" name="GetDashboardStatsUseCase &gt; execute &gt; should handle errors and return failure result" time="0.000169416">
        </testcase>
    </testsuite>
    <testsuite name="src/2-application/use-cases/availability/CheckAvailabilityUseCase.test.ts" timestamp="2025-12-16T06:40:27.775Z" hostname="Omer-MacBook-Air.local" tests="9" failures="0" errors="0" skipped="0" time="0.004332625">
        <testcase classname="src/2-application/use-cases/availability/CheckAvailabilityUseCase.test.ts" name="CheckAvailabilityUseCase &gt; should check availability successfully" time="0.00161475">
        </testcase>
        <testcase classname="src/2-application/use-cases/availability/CheckAvailabilityUseCase.test.ts" name="CheckAvailabilityUseCase &gt; should return conflicts when not available" time="0.000603875">
        </testcase>
        <testcase classname="src/2-application/use-cases/availability/CheckAvailabilityUseCase.test.ts" name="CheckAvailabilityUseCase &gt; should fail when consultant ID is empty" time="0.00027675">
        </testcase>
        <testcase classname="src/2-application/use-cases/availability/CheckAvailabilityUseCase.test.ts" name="CheckAvailabilityUseCase &gt; should fail when start time is missing" time="0.000143583">
        </testcase>
        <testcase classname="src/2-application/use-cases/availability/CheckAvailabilityUseCase.test.ts" name="CheckAvailabilityUseCase &gt; should fail when end time is missing" time="0.000129">
        </testcase>
        <testcase classname="src/2-application/use-cases/availability/CheckAvailabilityUseCase.test.ts" name="CheckAvailabilityUseCase &gt; should fail when end time is before start time" time="0.000141833">
        </testcase>
        <testcase classname="src/2-application/use-cases/availability/CheckAvailabilityUseCase.test.ts" name="CheckAvailabilityUseCase &gt; should fail when end time equals start time" time="0.000181333">
        </testcase>
        <testcase classname="src/2-application/use-cases/availability/CheckAvailabilityUseCase.test.ts" name="CheckAvailabilityUseCase &gt; should handle repository errors" time="0.000120375">
        </testcase>
        <testcase classname="src/2-application/use-cases/availability/CheckAvailabilityUseCase.test.ts" name="CheckAvailabilityUseCase &gt; should handle exceptions" time="0.000299041">
        </testcase>
    </testsuite>
    <testsuite name="src/2-application/use-cases/availability/ManageAvailabilityUseCase.test.ts" timestamp="2025-12-16T06:40:27.776Z" hostname="Omer-MacBook-Air.local" tests="15" failures="0" errors="0" skipped="0" time="0.00496625">
        <testcase classname="src/2-application/use-cases/availability/ManageAvailabilityUseCase.test.ts" name="ManageAvailabilityUseCase &gt; createAvailability &gt; should create availability successfully" time="0.001825667">
        </testcase>
        <testcase classname="src/2-application/use-cases/availability/ManageAvailabilityUseCase.test.ts" name="ManageAvailabilityUseCase &gt; createAvailability &gt; should return error when consultantId is missing" time="0.000245792">
        </testcase>
        <testcase classname="src/2-application/use-cases/availability/ManageAvailabilityUseCase.test.ts" name="ManageAvailabilityUseCase &gt; createAvailability &gt; should return error when dayOfWeek is invalid" time="0.000095417">
        </testcase>
        <testcase classname="src/2-application/use-cases/availability/ManageAvailabilityUseCase.test.ts" name="ManageAvailabilityUseCase &gt; createAvailability &gt; should return error when startTime is missing" time="0.000156125">
        </testcase>
        <testcase classname="src/2-application/use-cases/availability/ManageAvailabilityUseCase.test.ts" name="ManageAvailabilityUseCase &gt; createAvailability &gt; should return error when endTime is before startTime" time="0.000195584">
        </testcase>
        <testcase classname="src/2-application/use-cases/availability/ManageAvailabilityUseCase.test.ts" name="ManageAvailabilityUseCase &gt; createAvailability &gt; should return error when validUntil is before validFrom" time="0.000102583">
        </testcase>
        <testcase classname="src/2-application/use-cases/availability/ManageAvailabilityUseCase.test.ts" name="ManageAvailabilityUseCase &gt; createAvailability &gt; should handle repository errors" time="0.000124792">
        </testcase>
        <testcase classname="src/2-application/use-cases/availability/ManageAvailabilityUseCase.test.ts" name="ManageAvailabilityUseCase &gt; updateAvailability &gt; should update availability successfully" time="0.000272291">
        </testcase>
        <testcase classname="src/2-application/use-cases/availability/ManageAvailabilityUseCase.test.ts" name="ManageAvailabilityUseCase &gt; updateAvailability &gt; should return error when dayOfWeek is invalid" time="0.000268167">
        </testcase>
        <testcase classname="src/2-application/use-cases/availability/ManageAvailabilityUseCase.test.ts" name="ManageAvailabilityUseCase &gt; updateAvailability &gt; should handle repository errors" time="0.00011425">
        </testcase>
        <testcase classname="src/2-application/use-cases/availability/ManageAvailabilityUseCase.test.ts" name="ManageAvailabilityUseCase &gt; deleteAvailability &gt; should delete availability successfully" time="0.000179458">
        </testcase>
        <testcase classname="src/2-application/use-cases/availability/ManageAvailabilityUseCase.test.ts" name="ManageAvailabilityUseCase &gt; deleteAvailability &gt; should handle repository errors" time="0.000074458">
        </testcase>
        <testcase classname="src/2-application/use-cases/availability/ManageAvailabilityUseCase.test.ts" name="ManageAvailabilityUseCase &gt; getAvailabilityByConsultant &gt; should return availability list successfully" time="0.00009375">
        </testcase>
        <testcase classname="src/2-application/use-cases/availability/ManageAvailabilityUseCase.test.ts" name="ManageAvailabilityUseCase &gt; getAvailabilityByConsultant &gt; should return error when consultantId is missing" time="0.000061458">
        </testcase>
        <testcase classname="src/2-application/use-cases/availability/ManageAvailabilityUseCase.test.ts" name="ManageAvailabilityUseCase &gt; getAvailabilityByConsultant &gt; should handle repository errors" time="0.000066208">
        </testcase>
    </testsuite>
    <testsuite name="src/2-application/use-cases/availability/ManageUnavailableDatesUseCase.test.ts" timestamp="2025-12-16T06:40:27.777Z" hostname="Omer-MacBook-Air.local" tests="15" failures="0" errors="0" skipped="0" time="0.004493375">
        <testcase classname="src/2-application/use-cases/availability/ManageUnavailableDatesUseCase.test.ts" name="ManageUnavailableDatesUseCase &gt; createUnavailableDate &gt; should create unavailable date successfully" time="0.001623958">
        </testcase>
        <testcase classname="src/2-application/use-cases/availability/ManageUnavailableDatesUseCase.test.ts" name="ManageUnavailableDatesUseCase &gt; createUnavailableDate &gt; should return error when consultantId is missing" time="0.000218583">
        </testcase>
        <testcase classname="src/2-application/use-cases/availability/ManageUnavailableDatesUseCase.test.ts" name="ManageUnavailableDatesUseCase &gt; createUnavailableDate &gt; should return error when startTime is missing" time="0.00008875">
        </testcase>
        <testcase classname="src/2-application/use-cases/availability/ManageUnavailableDatesUseCase.test.ts" name="ManageUnavailableDatesUseCase &gt; createUnavailableDate &gt; should return error when endTime is before startTime" time="0.000163375">
        </testcase>
        <testcase classname="src/2-application/use-cases/availability/ManageUnavailableDatesUseCase.test.ts" name="ManageUnavailableDatesUseCase &gt; createUnavailableDate &gt; should return error when startTime is in the past" time="0.000179333">
        </testcase>
        <testcase classname="src/2-application/use-cases/availability/ManageUnavailableDatesUseCase.test.ts" name="ManageUnavailableDatesUseCase &gt; createUnavailableDate &gt; should handle repository errors" time="0.000131209">
        </testcase>
        <testcase classname="src/2-application/use-cases/availability/ManageUnavailableDatesUseCase.test.ts" name="ManageUnavailableDatesUseCase &gt; updateUnavailableDate &gt; should update unavailable date successfully" time="0.000356209">
        </testcase>
        <testcase classname="src/2-application/use-cases/availability/ManageUnavailableDatesUseCase.test.ts" name="ManageUnavailableDatesUseCase &gt; updateUnavailableDate &gt; should return error when endTime is before startTime" time="0.000082083">
        </testcase>
        <testcase classname="src/2-application/use-cases/availability/ManageUnavailableDatesUseCase.test.ts" name="ManageUnavailableDatesUseCase &gt; updateUnavailableDate &gt; should return error when startTime is in the past" time="0.000235958">
        </testcase>
        <testcase classname="src/2-application/use-cases/availability/ManageUnavailableDatesUseCase.test.ts" name="ManageUnavailableDatesUseCase &gt; updateUnavailableDate &gt; should handle repository errors" time="0.000098">
        </testcase>
        <testcase classname="src/2-application/use-cases/availability/ManageUnavailableDatesUseCase.test.ts" name="ManageUnavailableDatesUseCase &gt; deleteUnavailableDate &gt; should delete unavailable date successfully" time="0.000164333">
        </testcase>
        <testcase classname="src/2-application/use-cases/availability/ManageUnavailableDatesUseCase.test.ts" name="ManageUnavailableDatesUseCase &gt; deleteUnavailableDate &gt; should handle repository errors" time="0.000065959">
        </testcase>
        <testcase classname="src/2-application/use-cases/availability/ManageUnavailableDatesUseCase.test.ts" name="ManageUnavailableDatesUseCase &gt; getUnavailableDatesByConsultant &gt; should return unavailable dates list successfully" time="0.0000925">
        </testcase>
        <testcase classname="src/2-application/use-cases/availability/ManageUnavailableDatesUseCase.test.ts" name="ManageUnavailableDatesUseCase &gt; getUnavailableDatesByConsultant &gt; should return error when consultantId is missing" time="0.00005575">
        </testcase>
        <testcase classname="src/2-application/use-cases/availability/ManageUnavailableDatesUseCase.test.ts" name="ManageUnavailableDatesUseCase &gt; getUnavailableDatesByConsultant &gt; should handle repository errors" time="0.000062125">
        </testcase>
    </testsuite>
    <testsuite name="src/2-application/use-cases/chatbot/ChatbotConversationUseCase.test.ts" timestamp="2025-12-16T06:40:27.778Z" hostname="Omer-MacBook-Air.local" tests="5" failures="0" errors="0" skipped="0" time="0.005310792">
        <testcase classname="src/2-application/use-cases/chatbot/ChatbotConversationUseCase.test.ts" name="ChatbotConversationUseCase &gt; sendMessage &gt; should create new conversation and send message successfully" time="0.001431375">
        </testcase>
        <testcase classname="src/2-application/use-cases/chatbot/ChatbotConversationUseCase.test.ts" name="ChatbotConversationUseCase &gt; sendMessage &gt; should use existing conversation when conversationId is provided" time="0.000762834">
        </testcase>
        <testcase classname="src/2-application/use-cases/chatbot/ChatbotConversationUseCase.test.ts" name="ChatbotConversationUseCase &gt; sendMessage &gt; should return error when conversation not found" time="0.000228583">
        </testcase>
        <testcase classname="src/2-application/use-cases/chatbot/ChatbotConversationUseCase.test.ts" name="ChatbotConversationUseCase &gt; sendMessage &gt; should return error when prompt not found" time="0.00016475">
        </testcase>
        <testcase classname="src/2-application/use-cases/chatbot/ChatbotConversationUseCase.test.ts" name="ChatbotConversationUseCase &gt; sendMessage &gt; should return error when AI response fails" time="0.001979333">
            <system-err>
AI chatbot response failed: AppError: AI error
    at /Users/omerunsal/Desktop/akademi-port/src/2-application/use-cases/chatbot/ChatbotConversationUseCase.test.ts:312:50
    at file:///Users/omerunsal/Desktop/akademi-port/node_modules/@vitest/runner/dist/index.js:157:11
    at file:///Users/omerunsal/Desktop/akademi-port/node_modules/@vitest/runner/dist/index.js:753:26
    at file:///Users/omerunsal/Desktop/akademi-port/node_modules/@vitest/runner/dist/index.js:1636:20
    at new Promise (&lt;anonymous&gt;)
    at runWithTimeout (file:///Users/omerunsal/Desktop/akademi-port/node_modules/@vitest/runner/dist/index.js:1602:10)
    at runTest (file:///Users/omerunsal/Desktop/akademi-port/node_modules/@vitest/runner/dist/index.js:1309:12)
    at processTicksAndRejections (node:internal/process/task_queues:105:5)
    at runSuite (file:///Users/omerunsal/Desktop/akademi-port/node_modules/@vitest/runner/dist/index.js:1468:8)
    at runSuite (file:///Users/omerunsal/Desktop/akademi-port/node_modules/@vitest/runner/dist/index.js:1468:8) {
  statusCode: 500,
  code: undefined,
  details: undefined
}

            </system-err>
        </testcase>
    </testsuite>
    <testsuite name="src/2-application/use-cases/chatbot/SearchTrainingContentUseCase.test.ts" timestamp="2025-12-16T06:40:27.778Z" hostname="Omer-MacBook-Air.local" tests="6" failures="0" errors="0" skipped="0" time="0.005354125">
        <testcase classname="src/2-application/use-cases/chatbot/SearchTrainingContentUseCase.test.ts" name="SearchTrainingContentUseCase &gt; execute &gt; should return empty array when query is empty" time="0.001112292">
        </testcase>
        <testcase classname="src/2-application/use-cases/chatbot/SearchTrainingContentUseCase.test.ts" name="SearchTrainingContentUseCase &gt; execute &gt; should search and return relevant trainings" time="0.000891666">
        </testcase>
        <testcase classname="src/2-application/use-cases/chatbot/SearchTrainingContentUseCase.test.ts" name="SearchTrainingContentUseCase &gt; execute &gt; should return empty array when no trainings found" time="0.00016325">
        </testcase>
        <testcase classname="src/2-application/use-cases/chatbot/SearchTrainingContentUseCase.test.ts" name="SearchTrainingContentUseCase &gt; execute &gt; should sort results by relevance score" time="0.000232916">
        </testcase>
        <testcase classname="src/2-application/use-cases/chatbot/SearchTrainingContentUseCase.test.ts" name="SearchTrainingContentUseCase &gt; execute &gt; should limit results when limit is provided" time="0.000120666">
        </testcase>
        <testcase classname="src/2-application/use-cases/chatbot/SearchTrainingContentUseCase.test.ts" name="SearchTrainingContentUseCase &gt; execute &gt; should handle errors gracefully" time="0.001947125">
            <system-err>
Error in SearchTrainingContentUseCase: Error: Database error
    at /Users/omerunsal/Desktop/akademi-port/src/2-application/use-cases/chatbot/SearchTrainingContentUseCase.test.ts:181:37
    at file:///Users/omerunsal/Desktop/akademi-port/node_modules/@vitest/runner/dist/index.js:157:11
    at file:///Users/omerunsal/Desktop/akademi-port/node_modules/@vitest/runner/dist/index.js:753:26
    at file:///Users/omerunsal/Desktop/akademi-port/node_modules/@vitest/runner/dist/index.js:1636:20
    at new Promise (&lt;anonymous&gt;)
    at runWithTimeout (file:///Users/omerunsal/Desktop/akademi-port/node_modules/@vitest/runner/dist/index.js:1602:10)
    at runTest (file:///Users/omerunsal/Desktop/akademi-port/node_modules/@vitest/runner/dist/index.js:1309:12)
    at processTicksAndRejections (node:internal/process/task_queues:105:5)
    at runSuite (file:///Users/omerunsal/Desktop/akademi-port/node_modules/@vitest/runner/dist/index.js:1468:8)
    at runSuite (file:///Users/omerunsal/Desktop/akademi-port/node_modules/@vitest/runner/dist/index.js:1468:8)

            </system-err>
        </testcase>
    </testsuite>
    <testsuite name="src/2-application/use-cases/appointment/ApproveAppointmentUseCase.test.ts" timestamp="2025-12-16T06:40:27.778Z" hostname="Omer-MacBook-Air.local" tests="9" failures="0" errors="0" skipped="0" time="0.009112166">
        <testcase classname="src/2-application/use-cases/appointment/ApproveAppointmentUseCase.test.ts" name="ApproveAppointmentUseCase &gt; should approve appointment successfully" time="0.002284334">
        </testcase>
        <testcase classname="src/2-application/use-cases/appointment/ApproveAppointmentUseCase.test.ts" name="ApproveAppointmentUseCase &gt; should create Zoom meeting when approving" time="0.000938375">
        </testcase>
        <testcase classname="src/2-application/use-cases/appointment/ApproveAppointmentUseCase.test.ts" name="ApproveAppointmentUseCase &gt; should continue even if Zoom meeting creation fails" time="0.000672667">
            <system-err>
Failed to create Zoom meeting for approved appointment: { appointmentId: &apos;appointment-1&apos;, error: &apos;Zoom API error&apos; }

            </system-err>
        </testcase>
        <testcase classname="src/2-application/use-cases/appointment/ApproveAppointmentUseCase.test.ts" name="ApproveAppointmentUseCase &gt; should send notification when approving" time="0.000415166">
        </testcase>
        <testcase classname="src/2-application/use-cases/appointment/ApproveAppointmentUseCase.test.ts" name="ApproveAppointmentUseCase &gt; should return error when appointment ID is empty" time="0.000495958">
        </testcase>
        <testcase classname="src/2-application/use-cases/appointment/ApproveAppointmentUseCase.test.ts" name="ApproveAppointmentUseCase &gt; should return error when approvedBy is empty" time="0.000293917">
        </testcase>
        <testcase classname="src/2-application/use-cases/appointment/ApproveAppointmentUseCase.test.ts" name="ApproveAppointmentUseCase &gt; should return error when appointment not found" time="0.000249375">
        </testcase>
        <testcase classname="src/2-application/use-cases/appointment/ApproveAppointmentUseCase.test.ts" name="ApproveAppointmentUseCase &gt; should return error when appointment is not pending" time="0.000238333">
        </testcase>
        <testcase classname="src/2-application/use-cases/appointment/ApproveAppointmentUseCase.test.ts" name="ApproveAppointmentUseCase &gt; should continue even if notification fails" time="0.002606875">
            <system-err>
Failed to send appointment confirmed notification {
  error: Error: Notification failed
      at /Users/omerunsal/Desktop/akademi-port/src/2-application/use-cases/appointment/ApproveAppointmentUseCase.test.ts:307:7
      at file:///Users/omerunsal/Desktop/akademi-port/node_modules/@vitest/runner/dist/index.js:157:11
      at file:///Users/omerunsal/Desktop/akademi-port/node_modules/@vitest/runner/dist/index.js:753:26
[...]
    at processTicksAndRejections (node:internal/process/task_queues:105:5)
    at /Users/omerunsal/Desktop/akademi-port/src/app/api/forum/topics/[id]/route.test.ts:302:22
    at file:///Users/omerunsal/Desktop/akademi-port/node_modules/@vitest/runner/dist/index.js:753:20

            </system-err>
            <failure message="expected 500 to be 400 // Object.is equality" type="AssertionError">
AssertionError: expected 500 to be 400 // Object.is equality

- Expected
+ Received

- 400
+ 500

 ❯ src/app/api/forum/topics/[id]/route.test.ts:305:29
            </failure>
            <failure message="expected 500 to be 400 // Object.is equality" type="AssertionError">
AssertionError: expected 500 to be 400 // Object.is equality

- Expected
+ Received

- 400
+ 500

 ❯ src/app/api/forum/topics/[id]/route.test.ts:305:29
            </failure>
            <failure message="expected 500 to be 400 // Object.is equality" type="AssertionError">
AssertionError: expected 500 to be 400 // Object.is equality

- Expected
+ Received

- 400
+ 500

 ❯ src/app/api/forum/topics/[id]/route.test.ts:305:29
            </failure>
        </testcase>
        <testcase classname="src/app/api/forum/topics/[id]/route.test.ts" name="DELETE /api/forum/topics/[id] &gt; returns 401 when user is not authenticated" time="0.000512">
        </testcase>
        <testcase classname="src/app/api/forum/topics/[id]/route.test.ts" name="DELETE /api/forum/topics/[id] &gt; deletes topic successfully" time="0.000331333">
        </testcase>
        <testcase classname="src/app/api/forum/topics/[id]/route.test.ts" name="DELETE /api/forum/topics/[id] &gt; returns 400 when delete fails" time="0.000353458">
        </testcase>
    </testsuite>
    <testsuite name="src/app/api/news/[id]/like/route.test.ts" timestamp="2025-12-16T06:40:27.898Z" hostname="Omer-MacBook-Air.local" tests="7" failures="0" errors="0" skipped="0" time="0.012077583">
        <testcase classname="src/app/api/news/[id]/like/route.test.ts" name="POST /api/news/[id]/like &gt; returns 401 when user is not authenticated" time="0.006894333">
        </testcase>
        <testcase classname="src/app/api/news/[id]/like/route.test.ts" name="POST /api/news/[id]/like &gt; likes news successfully" time="0.00160975">
        </testcase>
        <testcase classname="src/app/api/news/[id]/like/route.test.ts" name="POST /api/news/[id]/like &gt; handles missing company_id" time="0.000531875">
        </testcase>
        <testcase classname="src/app/api/news/[id]/like/route.test.ts" name="POST /api/news/[id]/like &gt; returns 400 on error" time="0.000481417">
        </testcase>
        <testcase classname="src/app/api/news/[id]/like/route.test.ts" name="DELETE /api/news/[id]/like &gt; returns 401 when user is not authenticated" time="0.00075575">
        </testcase>
        <testcase classname="src/app/api/news/[id]/like/route.test.ts" name="DELETE /api/news/[id]/like &gt; unlikes news successfully" time="0.000519625">
        </testcase>
        <testcase classname="src/app/api/news/[id]/like/route.test.ts" name="DELETE /api/news/[id]/like &gt; returns 400 on error" time="0.000447625">
        </testcase>
    </testsuite>
    <testsuite name="src/app/api/news/[id]/publish/route.test.ts" timestamp="2025-12-16T06:40:27.899Z" hostname="Omer-MacBook-Air.local" tests="5" failures="0" errors="0" skipped="0" time="0.014048">
        <testcase classname="src/app/api/news/[id]/publish/route.test.ts" name="POST /api/news/[id]/publish &gt; returns 401 when user is not authenticated" time="0.007846958">
        </testcase>
        <testcase classname="src/app/api/news/[id]/publish/route.test.ts" name="POST /api/news/[id]/publish &gt; returns 403 when user is not admin or consultant" time="0.000975625">
        </testcase>
        <testcase classname="src/app/api/news/[id]/publish/route.test.ts" name="POST /api/news/[id]/publish &gt; publishes news successfully" time="0.001509125">
        </testcase>
        <testcase classname="src/app/api/news/[id]/publish/route.test.ts" name="POST /api/news/[id]/publish &gt; returns 400 when news already published" time="0.000539083">
        </testcase>
        <testcase classname="src/app/api/news/[id]/publish/route.test.ts" name="POST /api/news/[id]/publish &gt; returns 500 on error" time="0.002447083">
            <system-err>
POST /api/news/[id]/publish error: Error: Database error
    at /Users/omerunsal/Desktop/akademi-port/src/app/api/news/[id]/publish/route.test.ts:198:53
    at file:///Users/omerunsal/Desktop/akademi-port/node_modules/@vitest/runner/dist/index.js:157:11
    at file:///Users/omerunsal/Desktop/akademi-port/node_modules/@vitest/runner/dist/index.js:753:26
    at file:///Users/omerunsal/Desktop/akademi-port/node_modules/@vitest/runner/dist/index.js:1636:20
    at new Promise (&lt;anonymous&gt;)
    at runWithTimeout (file:///Users/omerunsal/Desktop/akademi-port/node_modules/@vitest/runner/dist/index.js:1602:10)
    at runTest (file:///Users/omerunsal/Desktop/akademi-port/node_modules/@vitest/runner/dist/index.js:1309:12)
    at processTicksAndRejections (node:internal/process/task_queues:105:5)
    at runSuite (file:///Users/omerunsal/Desktop/akademi-port/node_modules/@vitest/runner/dist/index.js:1468:8)
    at runSuite (file:///Users/omerunsal/Desktop/akademi-port/node_modules/@vitest/runner/dist/index.js:1468:8)

            </system-err>
        </testcase>
    </testsuite>
    <testsuite name="src/app/api/news/[id]/read/route.test.ts" timestamp="2025-12-16T06:40:27.899Z" hostname="Omer-MacBook-Air.local" tests="6" failures="0" errors="0" skipped="0" time="0.02650775">
        <testcase classname="src/app/api/news/[id]/read/route.test.ts" name="POST /api/news/[id]/read &gt; returns 401 when user is not authenticated" time="0.020348208">
        </testcase>
        <testcase classname="src/app/api/news/[id]/read/route.test.ts" name="POST /api/news/[id]/read &gt; returns 400 when company_id is missing" time="0.000927125">
        </testcase>
        <testcase classname="src/app/api/news/[id]/read/route.test.ts" name="POST /api/news/[id]/read &gt; records read successfully" time="0.001187625">
        </testcase>
        <testcase classname="src/app/api/news/[id]/read/route.test.ts" name="POST /api/news/[id]/read &gt; sets completed to true when scrollPercentage &gt;= 80" time="0.000408375">
        </testcase>
        <testcase classname="src/app/api/news/[id]/read/route.test.ts" name="POST /api/news/[id]/read &gt; returns 400 on error" time="0.000869208">
        </testcase>
        <testcase classname="src/app/api/news/[id]/read/route.test.ts" name="POST /api/news/[id]/read &gt; returns 500 on error" time="0.002000375">
            <system-err>
POST /api/news/[id]/read error: Error: Database error
    at /Users/omerunsal/Desktop/akademi-port/src/app/api/news/[id]/read/route.test.ts:215:56
    at file:///Users/omerunsal/Desktop/akademi-port/node_modules/@vitest/runner/dist/index.js:157:11
    at file:///Users/omerunsal/Desktop/akademi-port/node_modules/@vitest/runner/dist/index.js:753:26
    at file:///Users/omerunsal/Desktop/akademi-port/node_modules/@vitest/runner/dist/index.js:1636:20
    at new Promise (&lt;anonymous&gt;)
    at runWithTimeout (file:///Users/omerunsal/Desktop/akademi-port/node_modules/@vitest/runner/dist/index.js:1602:10)
    at runTest (file:///Users/omerunsal/Desktop/akademi-port/node_modules/@vitest/runner/dist/index.js:1309:12)
    at processTicksAndRejections (node:internal/process/task_queues:105:5)
    at runSuite (file:///Users/omerunsal/Desktop/akademi-port/node_modules/@vitest/runner/dist/index.js:1468:8)
    at runSuite (file:///Users/omerunsal/Desktop/akademi-port/node_modules/@vitest/runner/dist/index.js:1468:8)

            </system-err>
        </testcase>
    </testsuite>
    <testsuite name="src/app/api/leaderboard/badges/[badgeId]/route.test.ts" timestamp="2025-12-16T06:40:27.900Z" hostname="Omer-MacBook-Air.local" tests="8" failures="0" errors="0" skipped="0" time="0.034879917">
        <testcase classname="src/app/api/leaderboard/badges/[badgeId]/route.test.ts" name="PATCH /api/leaderboard/badges/[badgeId] &gt; returns 401 when user is not authenticated" time="0.027772125">
        </testcase>
        <testcase classname="src/app/api/leaderboard/badges/[badgeId]/route.test.ts" name="PATCH /api/leaderboard/badges/[badgeId] &gt; returns 403 when user is not master_admin" time="0.000983708">
        </testcase>
        <testcase classname="src/app/api/leaderboard/badges/[badgeId]/route.test.ts" name="PATCH /api/leaderboard/badges/[badgeId] &gt; updates badge successfully when user is master_admin" time="0.0023965">
        </testcase>
        <testcase classname="src/app/api/leaderboard/badges/[badgeId]/route.test.ts" name="PATCH /api/leaderboard/badges/[badgeId] &gt; returns 400 when validation fails" time="0.000664625">
        </testcase>
        <testcase classname="src/app/api/leaderboard/badges/[badgeId]/route.test.ts" name="DELETE /api/leaderboard/badges/[badgeId] &gt; returns 401 when user is not authenticated" time="0.000775167">
        </testcase>
        <testcase classname="src/app/api/leaderboard/badges/[badgeId]/route.test.ts" name="DELETE /api/leaderboard/badges/[badgeId] &gt; returns 403 when user is not master_admin" time="0.000454417">
        </testcase>
        <testcase classname="src/app/api/leaderboard/badges/[badgeId]/route.test.ts" name="DELETE /api/leaderboard/badges/[badgeId] &gt; deletes badge successfully when user is master_admin" time="0.000668792">
        </testcase>
        <testcase classname="src/app/api/leaderboard/badges/[badgeId]/route.test.ts" name="DELETE /api/leaderboard/badges/[badgeId] &gt; returns 400 when use case fails" time="0.00035825">
        </testcase>
    </testsuite>
    <testsuite name="src/app/api/trainings/[id]/documents/route.test.ts" timestamp="2025-12-16T06:40:27.900Z" hostname="Omer-MacBook-Air.local" tests="7" failures="0" errors="0" skipped="0" time="0.020256583">
        <testcase classname="src/app/api/trainings/[id]/documents/route.test.ts" name="GET /api/trainings/[id]/documents &gt; returns 401 when user is not authenticated" time="0.012875166">
        </testcase>
        <testcase classname="src/app/api/trainings/[id]/documents/route.test.ts" name="GET /api/trainings/[id]/documents &gt; returns documents successfully" time="0.001813875">
        </testcase>
        <testcase classname="src/app/api/trainings/[id]/documents/route.test.ts" name="GET /api/trainings/[id]/documents &gt; handles use case failure" time="0.000947042">
        </testcase>
        <testcase classname="src/app/api/trainings/[id]/documents/route.test.ts" name="POST /api/trainings/[id]/documents &gt; returns 401 when user is not authenticated" time="0.000837167">
        </testcase>
        <testcase classname="src/app/api/trainings/[id]/documents/route.test.ts" name="POST /api/trainings/[id]/documents &gt; returns 403 when user is not authorized" time="0.000699875">
        </testcase>
        <testcase classname="src/app/api/trainings/[id]/documents/route.test.ts" name="POST /api/trainings/[id]/documents &gt; creates document successfully" time="0.001485625">
        </testcase>
        <testcase classname="src/app/api/trainings/[id]/documents/route.test.ts" name="POST /api/trainings/[id]/documents &gt; handles use case failure" time="0.000802542">
            <system-err>
❌ CreateTrainingDocumentUseCase failed: { error: &apos;Training not found&apos;, statusCode: 404 }

            </system-err>
        </testcase>
    </testsuite>
    <testsuite name="src/app/api/trainings/[id]/videos/route.test.ts" timestamp="2025-12-16T06:40:27.900Z" hostname="Omer-MacBook-Air.local" tests="7" failures="0" errors="0" skipped="0" time="0.020805708">
        <testcase classname="src/app/api/trainings/[id]/videos/route.test.ts" name="GET /api/trainings/[id]/videos &gt; returns 401 when user is not authenticated" time="0.013550334">
        </testcase>
        <testcase classname="src/app/api/trainings/[id]/videos/route.test.ts" name="GET /api/trainings/[id]/videos &gt; returns videos successfully" time="0.001786459">
        </testcase>
        <testcase classname="src/app/api/trainings/[id]/videos/route.test.ts" name="GET /api/trainings/[id]/videos &gt; handles use case failure" time="0.0009585">
            <system-err>
❌ [GET /api/trainings/[id]/videos] Use case failed: {
  trainingId: &apos;non-existent&apos;,
  error: &apos;Training not found&apos;,
  statusCode: 404
}

            </system-err>
        </testcase>
        <testcase classname="src/app/api/trainings/[id]/videos/route.test.ts" name="POST /api/trainings/[id]/videos &gt; returns 401 when user is not authenticated" time="0.001027042">
        </testcase>
        <testcase classname="src/app/api/trainings/[id]/videos/route.test.ts" name="POST /api/trainings/[id]/videos &gt; returns 403 when user is not authorized" time="0.000779334">
        </testcase>
        <testcase classname="src/app/api/trainings/[id]/videos/route.test.ts" name="POST /api/trainings/[id]/videos &gt; creates video successfully" time="0.001273333">
        </testcase>
        <testcase classname="src/app/api/trainings/[id]/videos/route.test.ts" name="POST /api/trainings/[id]/videos &gt; handles use case failure" time="0.000664666">
            <system-err>
❌ CreateTrainingVideoUseCase failed: { error: &apos;Training not found&apos;, statusCode: 404 }

            </system-err>
        </testcase>
    </testsuite>
    <testsuite name="src/app/api/ai/companies/[id]/analyze-trends/route.test.ts" timestamp="2025-12-16T06:40:27.901Z" hostname="Omer-MacBook-Air.local" tests="2" failures="0" errors="0" skipped="0" time="0.017915958">
        <testcase classname="src/app/api/ai/companies/[id]/analyze-trends/route.test.ts" name="POST /api/ai/companies/[id]/analyze-trends &gt; should analyze trends successfully" time="0.016411583">
        </testcase>
        <testcase classname="src/app/api/ai/companies/[id]/analyze-trends/route.test.ts" name="POST /api/ai/companies/[id]/analyze-trends &gt; should return 401 when not authenticated" time="0.000864334">
        </testcase>
    </testsuite>
    <testsuite name="src/app/api/ai/companies/[id]/predict-success/route.test.ts" timestamp="2025-12-16T06:40:27.901Z" hostname="Omer-MacBook-Air.local" tests="2" failures="0" errors="0" skipped="0" time="0.030012042">
        <testcase classname="src/app/api/ai/companies/[id]/predict-success/route.test.ts" name="POST /api/ai/companies/[id]/predict-success &gt; should predict company success successfully" time="0.028374917">
        </testcase>
        <testcase classname="src/app/api/ai/companies/[id]/predict-success/route.test.ts" name="POST /api/ai/companies/[id]/predict-success &gt; should return 401 when not authenticated" time="0.000992541">
        </testcase>
    </testsuite>
    <testsuite name="src/app/api/ai/companies/[id]/analyze-risk/route.test.ts" timestamp="2025-12-16T06:40:27.901Z" hostname="Omer-MacBook-Air.local" tests="3" failures="0" errors="0" skipped="0" time="0.019200042">
        <testcase classname="src/app/api/ai/companies/[id]/analyze-risk/route.test.ts" name="POST /api/ai/companies/[id]/analyze-risk &gt; should analyze company risk successfully" time="0.017212416">
        </testcase>
        <testcase classname="src/app/api/ai/companies/[id]/analyze-risk/route.test.ts" name="POST /api/ai/companies/[id]/analyze-risk &gt; should return 401 when not authenticated" time="0.000845625">
        </testcase>
        <testcase classname="src/app/api/ai/companies/[id]/analyze-risk/route.test.ts" name="POST /api/ai/companies/[id]/analyze-risk &gt; should return 500 when use case fails" time="0.000520584">
        </testcase>
    </testsuite>
    <testsuite name="src/app/api/ai/trainings/[id]/generate-summary/route.test.ts" timestamp="2025-12-16T06:40:27.901Z" hostname="Omer-MacBook-Air.local" tests="3" failures="0" errors="0" skipped="0" time="0.017503208">
        <testcase classname="src/app/api/ai/trainings/[id]/generate-summary/route.test.ts" name="POST /api/ai/trainings/[id]/generate-summary &gt; should generate training summary successfully" time="0.015422834">
        </testcase>
        <testcase classname="src/app/api/ai/trainings/[id]/generate-summary/route.test.ts" name="POST /api/ai/trainings/[id]/generate-summary &gt; should return 401 when not authenticated" time="0.000888583">
        </testcase>
        <testcase classname="src/app/api/ai/trainings/[id]/generate-summary/route.test.ts" name="POST /api/ai/trainings/[id]/generate-summary &gt; should return 500 when use case fails" time="0.000584667">
        </testcase>
    </testsuite>
    <testsuite name="src/app/api/events/[id]/attendance/[attendanceId]/route.test.ts" timestamp="2025-12-16T06:40:27.902Z" hostname="Omer-MacBook-Air.local" tests="7" failures="0" errors="0" skipped="0" time="0.008277375">
        <testcase classname="src/app/api/events/[id]/attendance/[attendanceId]/route.test.ts" name="PATCH /api/events/[id]/attendance/[attendanceId] &gt; should return 401 when user is not authenticated" time="0.003522791">
        </testcase>
        <testcase classname="src/app/api/events/[id]/attendance/[attendanceId]/route.test.ts" name="PATCH /api/events/[id]/attendance/[attendanceId] &gt; should return 403 when user is not consultant or admin" time="0.000719041">
        </testcase>
        <testcase classname="src/app/api/events/[id]/attendance/[attendanceId]/route.test.ts" name="PATCH /api/events/[id]/attendance/[attendanceId] &gt; should mark attendance as attended successfully for consultant" time="0.001074959">
        </testcase>
        <testcase classname="src/app/api/events/[id]/attendance/[attendanceId]/route.test.ts" name="PATCH /api/events/[id]/attendance/[attendanceId] &gt; should mark attendance as attended successfully for master_admin" time="0.0004655">
        </testcase>
        <testcase classname="src/app/api/events/[id]/attendance/[attendanceId]/route.test.ts" name="PATCH /api/events/[id]/attendance/[attendanceId] &gt; should return 404 when event not found" time="0.000943458">
        </testcase>
        <testcase classname="src/app/api/events/[id]/attendance/[attendanceId]/route.test.ts" name="PATCH /api/events/[id]/attendance/[attendanceId] &gt; should return 403 when consultant tries to mark attendance for other consultant event" time="0.000394375">
        </testcase>
        <testcase classname="src/app/api/events/[id]/attendance/[attendanceId]/route.test.ts" name="PATCH /api/events/[id]/attendance/[attendanceId] &gt; should return 500 when use case fails" time="0.000408208">
        </testcase>
    </testsuite>
    <testsuite name="src/app/api/leaderboard/badges/company/[companyId]/route.test.ts" timestamp="2025-12-16T06:40:27.902Z" hostname="Omer-MacBook-Air.local" tests="4" failures="0" errors="0" skipped="0" time="0.014460292">
        <testcase classname="src/app/api/leaderboard/badges/company/[companyId]/route.test.ts" name="GET /api/leaderboard/badges/company/[companyId] &gt; returns 401 when user is not authenticated" time="0.010377167">
        </testcase>
        <testcase classname="src/app/api/leaderboard/badges/company/[companyId]/route.test.ts" name="GET /api/leaderboard/badges/company/[companyId] &gt; returns company badges successfully" time="0.002245958">
        </testcase>
        <testcase classname="src/app/api/leaderboard/badges/company/[companyId]/route.test.ts" name="GET /api/leaderboard/badges/company/[companyId] &gt; returns empty array when company has no badges" time="0.000672583">
        </testcase>
        <testcase classname="src/app/api/leaderboard/badges/company/[companyId]/route.test.ts" name="GET /api/leaderboard/badges/company/[companyId] &gt; returns 400 when use case fails" time="0.00055175">
        </testcase>
    </testsuite>
</testsuites>
